[2019-09-18 10:12:43] local.ERROR: Method Laracasts\Flash\FlashNotifier::errors does not exist. {"exception":"[object] (BadMethodCallException(code: 0): Method Laracasts\\Flash\\FlashNotifier::errors does not exist. at C:\\Users\\scott\\Desktop\\Laravel\\laravelprojet\\vendor\\laravel\\framework\\src\\Illuminate\\Support\\Traits\\Macroable.php:104)
[stacktrace]
#0 C:\\Users\\scott\\Desktop\\Laravel\\laravelprojet\\app\\Http\\Middleware\\Auth.php(19): Laracasts\\Flash\\FlashNotifier->__call('errors', Array)
#1 C:\\Users\\scott\\Desktop\\Laravel\\laravelprojet\\vendor\\laravel\\framework\\src\\Illuminate\\Pipeline\\Pipeline.php(163): App\\Http\\Middleware\\Auth->handle(Object(Illuminate\\Http\\Request), Object(Closure))
#2 C:\\Users\\scott\\Desktop\\Laravel\\laravelprojet\\vendor\\laravel\\framework\\src\\Illuminate\\Routing\\Pipeline.php(53): Illuminate\\Pipeline\\Pipeline->Illuminate\\Pipeline\\{closure}(Object(Illuminate\\Http\\Request))
#3 C:\\Users\\scott\\Desktop\\Laravel\\laravelprojet\\vendor\\laravel\\framework\\src\\Illuminate\\Routing\\Middleware\\SubstituteBindings.php(41): Illuminate\\Routing\\Pipeline->Illuminate\\Routing\\{closure}(Object(Illuminate\\Http\\Request))
#4 C:\\Users\\scott\\Desktop\\Laravel\\laravelprojet\\vendor\\laravel\\framework\\src\\Illuminate\\Pipeline\\Pipeline.php(163): Illuminate\\Routing\\Middleware\\SubstituteBindings->handle(Object(Illuminate\\Http\\Request), Object(Closure))
#5 C:\\Users\\scott\\Desktop\\Laravel\\laravelprojet\\vendor\\laravel\\framework\\src\\Illuminate\\Routing\\Pipeline.php(53): Illuminate\\Pipeline\\Pipeline->Illuminate\\Pipeline\\{closure}(Object(Illuminate\\Http\\Request))
#6 C:\\Users\\scott\\Desktop\\Laravel\\laravelprojet\\vendor\\laravel\\framework\\src\\Illuminate\\Foundation\\Http\\Middleware\\VerifyCsrfToken.php(75): Illuminate\\Routing\\Pipeline->Illuminate\\Routing\\{closure}(Object(Illuminate\\Http\\Request))
#7 C:\\Users\\scott\\Desktop\\Laravel\\laravelprojet\\vendor\\laravel\\framework\\src\\Illuminate\\Pipeline\\Pipeline.php(163): Illuminate\\Foundation\\Http\\Middleware\\VerifyCsrfToken->handle(Object(Illuminate\\Http\\Request), Object(Closure))
#8 C:\\Users\\scott\\Desktop\\Laravel\\laravelprojet\\vendor\\laravel\\framework\\src\\Illuminate\\Routing\\Pipeline.php(53): Illuminate\\Pipeline\\Pipeline->Illuminate\\Pipeline\\{closure}(Object(Illuminate\\Http\\Request))
#9 C:\\Users\\scott\\Desktop\\Laravel\\laravelprojet\\vendor\\laravel\\framework\\src\\Illuminate\\View\\Middleware\\ShareErrorsFromSession.php(49): Illuminate\\Routing\\Pipeline->Illuminate\\Routing\\{closure}(Object(Illuminate\\Http\\Request))
#10 C:\\Users\\scott\\Desktop\\Laravel\\laravelprojet\\vendor\\laravel\\framework\\src\\Illuminate\\Pipeline\\Pipeline.php(163): Illuminate\\View\\Middleware\\ShareErrorsFromSession->handle(Object(Illuminate\\Http\\Request), Object(Closure))
#11 C:\\Users\\scott\\Desktop\\Laravel\\laravelprojet\\vendor\\laravel\\framework\\src\\Illuminate\\Routing\\Pipeline.php(53): Illuminate\\Pipeline\\Pipeline->Illuminate\\Pipeline\\{closure}(Object(Illuminate\\Http\\Request))
#12 C:\\Users\\scott\\Desktop\\Laravel\\laravelprojet\\vendor\\laravel\\framework\\src\\Illuminate\\Session\\Middleware\\StartSession.php(56): Illuminate\\Routing\\Pipeline->Illuminate\\Routing\\{closure}(Object(Illuminate\\Http\\Request))
#13 C:\\Users\\scott\\Desktop\\Laravel\\laravelprojet\\vendor\\laravel\\framework\\src\\Illuminate\\Pipeline\\Pipeline.php(163): Illuminate\\Session\\Middleware\\StartSession->handle(Object(Illuminate\\Http\\Request), Object(Closure))
#14 C:\\Users\\scott\\Desktop\\Laravel\\laravelprojet\\vendor\\laravel\\framework\\src\\Illuminate\\Routing\\Pipeline.php(53): Illuminate\\Pipeline\\Pipeline->Illuminate\\Pipeline\\{closure}(Object(Illuminate\\Http\\Request))
#15 C:\\Users\\scott\\Desktop\\Laravel\\laravelprojet\\vendor\\laravel\\framework\\src\\Illuminate\\Cookie\\Middleware\\AddQueuedCookiesToResponse.php(37): Illuminate\\Routing\\Pipeline->Illuminate\\Routing\\{closure}(Object(Illuminate\\Http\\Request))
#16 C:\\Users\\scott\\Desktop\\Laravel\\laravelprojet\\vendor\\laravel\\framework\\src\\Illuminate\\Pipeline\\Pipeline.php(163): Illuminate\\Cookie\\Middleware\\AddQueuedCookiesToResponse->handle(Object(Illuminate\\Http\\Request), Object(Closure))
#17 C:\\Users\\scott\\Desktop\\Laravel\\laravelprojet\\vendor\\laravel\\framework\\src\\Illuminate\\Routing\\Pipeline.php(53): Illuminate\\Pipeline\\Pipeline->Illuminate\\Pipeline\\{closure}(Object(Illuminate\\Http\\Request))
#18 C:\\Users\\scott\\Desktop\\Laravel\\laravelprojet\\vendor\\laravel\\framework\\src\\Illuminate\\Cookie\\Middleware\\EncryptCookies.php(66): Illuminate\\Routing\\Pipeline->Illuminate\\Routing\\{closure}(Object(Illuminate\\Http\\Request))
#19 C:\\Users\\scott\\Desktop\\Laravel\\laravelprojet\\vendor\\laravel\\framework\\src\\Illuminate\\Pipeline\\Pipeline.php(163): Illuminate\\Cookie\\Middleware\\EncryptCookies->handle(Object(Illuminate\\Http\\Request), Object(Closure))
#20 C:\\Users\\scott\\Desktop\\Laravel\\laravelprojet\\vendor\\laravel\\framework\\src\\Illuminate\\Routing\\Pipeline.php(53): Illuminate\\Pipeline\\Pipeline->Illuminate\\Pipeline\\{closure}(Object(Illuminate\\Http\\Request))
#21 C:\\Users\\scott\\Desktop\\Laravel\\laravelprojet\\vendor\\laravel\\framework\\src\\Illuminate\\Pipeline\\Pipeline.php(104): Illuminate\\Routing\\Pipeline->Illuminate\\Routing\\{closure}(Object(Illuminate\\Http\\Request))
#22 C:\\Users\\scott\\Desktop\\Laravel\\laravelprojet\\vendor\\laravel\\framework\\src\\Illuminate\\Routing\\Router.php(682): Illuminate\\Pipeline\\Pipeline->then(Object(Closure))
#23 C:\\Users\\scott\\Desktop\\Laravel\\laravelprojet\\vendor\\laravel\\framework\\src\\Illuminate\\Routing\\Router.php(657): Illuminate\\Routing\\Router->runRouteWithinStack(Object(Illuminate\\Routing\\Route), Object(Illuminate\\Http\\Request))
#24 C:\\Users\\scott\\Desktop\\Laravel\\laravelprojet\\vendor\\laravel\\framework\\src\\Illuminate\\Routing\\Router.php(623): Illuminate\\Routing\\Router->runRoute(Object(Illuminate\\Http\\Request), Object(Illuminate\\Routing\\Route))
#25 C:\\Users\\scott\\Desktop\\Laravel\\laravelprojet\\vendor\\laravel\\framework\\src\\Illuminate\\Routing\\Router.php(612): Illuminate\\Routing\\Router->dispatchToRoute(Object(Illuminate\\Http\\Request))
#26 C:\\Users\\scott\\Desktop\\Laravel\\laravelprojet\\vendor\\laravel\\framework\\src\\Illuminate\\Foundation\\Http\\Kernel.php(176): Illuminate\\Routing\\Router->dispatch(Object(Illuminate\\Http\\Request))
#27 C:\\Users\\scott\\Desktop\\Laravel\\laravelprojet\\vendor\\laravel\\framework\\src\\Illuminate\\Routing\\Pipeline.php(30): Illuminate\\Foundation\\Http\\Kernel->Illuminate\\Foundation\\Http\\{closure}(Object(Illuminate\\Http\\Request))
#28 C:\\Users\\scott\\Desktop\\Laravel\\laravelprojet\\vendor\\laravel\\framework\\src\\Illuminate\\Foundation\\Http\\Middleware\\TransformsRequest.php(21): Illuminate\\Routing\\Pipeline->Illuminate\\Routing\\{closure}(Object(Illuminate\\Http\\Request))
#29 C:\\Users\\scott\\Desktop\\Laravel\\laravelprojet\\vendor\\laravel\\framework\\src\\Illuminate\\Pipeline\\Pipeline.php(163): Illuminate\\Foundation\\Http\\Middleware\\TransformsRequest->handle(Object(Illuminate\\Http\\Request), Object(Closure))
#30 C:\\Users\\scott\\Desktop\\Laravel\\laravelprojet\\vendor\\laravel\\framework\\src\\Illuminate\\Routing\\Pipeline.php(53): Illuminate\\Pipeline\\Pipeline->Illuminate\\Pipeline\\{closure}(Object(Illuminate\\Http\\Request))
#31 C:\\Users\\scott\\Desktop\\Laravel\\laravelprojet\\vendor\\laravel\\framework\\src\\Illuminate\\Foundation\\Http\\Middleware\\TransformsRequest.php(21): Illuminate\\Routing\\Pipeline->Illuminate\\Routing\\{closure}(Object(Illuminate\\Http\\Request))
#32 C:\\Users\\scott\\Desktop\\Laravel\\laravelprojet\\vendor\\laravel\\framework\\src\\Illuminate\\Pipeline\\Pipeline.php(163): Illuminate\\Foundation\\Http\\Middleware\\TransformsRequest->handle(Object(Illuminate\\Http\\Request), Object(Closure))
#33 C:\\Users\\scott\\Desktop\\Laravel\\laravelprojet\\vendor\\laravel\\framework\\src\\Illuminate\\Routing\\Pipeline.php(53): Illuminate\\Pipeline\\Pipeline->Illuminate\\Pipeline\\{closure}(Object(Illuminate\\Http\\Request))
#34 C:\\Users\\scott\\Desktop\\Laravel\\laravelprojet\\vendor\\laravel\\framework\\src\\Illuminate\\Foundation\\Http\\Middleware\\ValidatePostSize.php(27): Illuminate\\Routing\\Pipeline->Illuminate\\Routing\\{closure}(Object(Illuminate\\Http\\Request))
#35 C:\\Users\\scott\\Desktop\\Laravel\\laravelprojet\\vendor\\laravel\\framework\\src\\Illuminate\\Pipeline\\Pipeline.php(163): Illuminate\\Foundation\\Http\\Middleware\\ValidatePostSize->handle(Object(Illuminate\\Http\\Request), Object(Closure))
#36 C:\\Users\\scott\\Desktop\\Laravel\\laravelprojet\\vendor\\laravel\\framework\\src\\Illuminate\\Routing\\Pipeline.php(53): Illuminate\\Pipeline\\Pipeline->Illuminate\\Pipeline\\{closure}(Object(Illuminate\\Http\\Request))
#37 C:\\Users\\scott\\Desktop\\Laravel\\laravelprojet\\vendor\\laravel\\framework\\src\\Illuminate\\Foundation\\Http\\Middleware\\CheckForMaintenanceMode.php(62): Illuminate\\Routing\\Pipeline->Illuminate\\Routing\\{closure}(Object(Illuminate\\Http\\Request))
#38 C:\\Users\\scott\\Desktop\\Laravel\\laravelprojet\\vendor\\laravel\\framework\\src\\Illuminate\\Pipeline\\Pipeline.php(163): Illuminate\\Foundation\\Http\\Middleware\\CheckForMaintenanceMode->handle(Object(Illuminate\\Http\\Request), Object(Closure))
#39 C:\\Users\\scott\\Desktop\\Laravel\\laravelprojet\\vendor\\laravel\\framework\\src\\Illuminate\\Routing\\Pipeline.php(53): Illuminate\\Pipeline\\Pipeline->Illuminate\\Pipeline\\{closure}(Object(Illuminate\\Http\\Request))
#40 C:\\Users\\scott\\Desktop\\Laravel\\laravelprojet\\vendor\\fideloper\\proxy\\src\\TrustProxies.php(57): Illuminate\\Routing\\Pipeline->Illuminate\\Routing\\{closure}(Object(Illuminate\\Http\\Request))
#41 C:\\Users\\scott\\Desktop\\Laravel\\laravelprojet\\vendor\\laravel\\framework\\src\\Illuminate\\Pipeline\\Pipeline.php(163): Fideloper\\Proxy\\TrustProxies->handle(Object(Illuminate\\Http\\Request), Object(Closure))
#42 C:\\Users\\scott\\Desktop\\Laravel\\laravelprojet\\vendor\\laravel\\framework\\src\\Illuminate\\Routing\\Pipeline.php(53): Illuminate\\Pipeline\\Pipeline->Illuminate\\Pipeline\\{closure}(Object(Illuminate\\Http\\Request))
#43 C:\\Users\\scott\\Desktop\\Laravel\\laravelprojet\\vendor\\laravel\\framework\\src\\Illuminate\\Pipeline\\Pipeline.php(104): Illuminate\\Routing\\Pipeline->Illuminate\\Routing\\{closure}(Object(Illuminate\\Http\\Request))
#44 C:\\Users\\scott\\Desktop\\Laravel\\laravelprojet\\vendor\\laravel\\framework\\src\\Illuminate\\Foundation\\Http\\Kernel.php(151): Illuminate\\Pipeline\\Pipeline->then(Object(Closure))
#45 C:\\Users\\scott\\Desktop\\Laravel\\laravelprojet\\vendor\\laravel\\framework\\src\\Illuminate\\Foundation\\Http\\Kernel.php(116): Illuminate\\Foundation\\Http\\Kernel->sendRequestThroughRouter(Object(Illuminate\\Http\\Request))
#46 C:\\Users\\scott\\Desktop\\Laravel\\laravelprojet\\public\\index.php(55): Illuminate\\Foundation\\Http\\Kernel->handle(Object(Illuminate\\Http\\Request))
#47 C:\\Users\\scott\\Desktop\\Laravel\\laravelprojet\\server.php(21): require_once('C:\\\\Users\\\\scott\\\\...')
#48 {main}
"} 
[2019-09-18 10:30:29] local.DEBUG: Message-ID: <c0346848bdb4d38e035335bbc38dfa85@127.0.0.1>
Date: Wed, 18 Sep 2019 10:30:28 +0000
Subject: Vous avez un nouveau suiveur
From: Example <hello@example.com>
To: tresor@gmail.com
MIME-Version: 1.0
Content-Type: multipart/alternative;
 boundary="_=_swift_1568802628_85c5c28ce1f7bec0e91f9956d3e7c970_=_"

<!doctype html>
<html lang="fr">
    <head>
        <meta charset="utf-8">
        <meta name="viewport" content="width=device-width, initial-scale=1">

        <title>Mail</title>

        
        <link href="https://fonts.googleapis.com/css?family=Nunito:200,600" rel="stylesheet">
        <link rel="stylesheet" href="http://localhost:8000/css/bootstrap.css">
        <link rel="stylesheet" href="http://localhost:8000/fontawesome/css/fontawesome.css">

    </head>
    <body style="font-family: -apple-system, BlinkMacSystemFont, 'Segoe UI', Roboto, Helvetica, Arial, sans-serif, 'Apple Color Emoji', 'Segoe UI Emoji', 'Segoe UI Symbol'; box-sizing: border-box; background-color: #f8fafc; color: #74787e; height: 100%; hyphens: auto; line-height: 1.4; margin: 0; -moz-hyphens: auto; -ms-word-break: break-all; width: 100% !important; -webkit-hyphens: auto; -webkit-text-size-adjust: none; word-break: break-word;">
        <header style="font-family: -apple-system, BlinkMacSystemFont, 'Segoe UI', Roboto, Helvetica, Arial, sans-serif, 'Apple Color Emoji', 'Segoe UI Emoji', 'Segoe UI Symbol'; box-sizing: border-box;">
            <div class="container" style="font-family: -apple-system, BlinkMacSystemFont, 'Segoe UI', Roboto, Helvetica, Arial, sans-serif, 'Apple Color Emoji', 'Segoe UI Emoji', 'Segoe UI Symbol'; box-sizing: border-box;">
            <div class="col-lg-4 ml-auto mt-2" style="font-family: -apple-system, BlinkMacSystemFont, 'Segoe UI', Roboto, Helvetica, Arial, sans-serif, 'Apple Color Emoji', 'Segoe UI Emoji', 'Segoe UI Symbol'; box-sizing: border-box;">
                <div class="text-right" style="font-family: -apple-system, BlinkMacSystemFont, 'Segoe UI', Roboto, Helvetica, Arial, sans-serif, 'Apple Color Emoji', 'Segoe UI Emoji', 'Segoe UI Symbol'; box-sizing: border-box;">
                    <ul class="list-inline mb-0" style="font-family: -apple-system, BlinkMacSystemFont, 'Segoe UI', Roboto, Helvetica, Arial, sans-serif, 'Apple Color Emoji', 'Segoe UI Emoji', 'Segoe UI Symbol'; box-sizing: border-box; line-height: 1.4; text-align: left;">
                        <li class="list-inline-item mr-0" style="font-family: -apple-system, BlinkMacSystemFont, 'Segoe UI', Roboto, Helvetica, Arial, sans-serif, 'Apple Color Emoji', 'Segoe UI Emoji', 'Segoe UI Symbol'; box-sizing: border-box;">
                            <a class="nav-link " href="/tresor@gmail.com" style="font-family: -apple-system, BlinkMacSystemFont, 'Segoe UI', Roboto, Helvetica, Arial, sans-serif, 'Apple Color Emoji', 'Segoe UI Emoji', 'Segoe UI Symbol'; box-sizing: border-box; color: #3869d4; text-transform: uppercase; text-decoration: none;">
                            tresor</a>
                        </li>
                    </ul>
                </div>
            </div>
        </div>
        <hr style="font-family: -apple-system, BlinkMacSystemFont, 'Segoe UI', Roboto, Helvetica, Arial, sans-serif, 'Apple Color Emoji', 'Segoe UI Emoji', 'Segoe UI Symbol'; box-sizing: border-box;">
        <nav class="navbar navbar-expand-lg navbar-light" style="font-family: -apple-system, BlinkMacSystemFont, 'Segoe UI', Roboto, Helvetica, Arial, sans-serif, 'Apple Color Emoji', 'Segoe UI Emoji', 'Segoe UI Symbol'; box-sizing: border-box;">
        <div class="container" style="font-family: -apple-system, BlinkMacSystemFont, 'Segoe UI', Roboto, Helvetica, Arial, sans-serif, 'Apple Color Emoji', 'Segoe UI Emoji', 'Segoe UI Symbol'; box-sizing: border-box;">
            <a class="navbar-brand " href="/" style="font-family: -apple-system, BlinkMacSystemFont, 'Segoe UI', Roboto, Helvetica, Arial, sans-serif, 'Apple Color Emoji', 'Segoe UI Emoji', 'Segoe UI Symbol'; box-sizing: border-box; color: #3869d4;">
                <h3 style="font-family: -apple-system, BlinkMacSystemFont, 'Segoe UI', Roboto, Helvetica, Arial, sans-serif, 'Apple Color Emoji', 'Segoe UI Emoji', 'Segoe UI Symbol'; box-sizing: border-box; color: #3d4852; font-size: 14px; font-weight: bold; margin-top: 0; text-align: left;">FiveLab</h3>
            </a>
            <button class="navbar-toggler" type="button" data-toggle="collapse" data-target="#navbarNav" aria-controls="navbarNav" aria-expanded="false" aria-label="Toggle navigation" style="font-family: -apple-system, BlinkMacSystemFont, 'Segoe UI', Roboto, Helvetica, Arial, sans-serif, 'Apple Color Emoji', 'Segoe UI Emoji', 'Segoe UI Symbol'; box-sizing: border-box;">
                <span class="navbar-toggler-icon" style="font-family: -apple-system, BlinkMacSystemFont, 'Segoe UI', Roboto, Helvetica, Arial, sans-serif, 'Apple Color Emoji', 'Segoe UI Emoji', 'Segoe UI Symbol'; box-sizing: border-box;"></span>
            </button>
            <div class="collapse navbar-collapse ml-lg-5" id="navbarNav" style="font-family: -apple-system, BlinkMacSystemFont, 'Segoe UI', Roboto, Helvetica, Arial, sans-serif, 'Apple Color Emoji', 'Segoe UI Emoji', 'Segoe UI Symbol'; box-sizing: border-box;">
                <ul class="navbar-nav ml-lg-auto" style="font-family: -apple-system, BlinkMacSystemFont, 'Segoe UI', Roboto, Helvetica, Arial, sans-serif, 'Apple Color Emoji', 'Segoe UI Emoji', 'Segoe UI Symbol'; box-sizing: border-box; line-height: 1.4; text-align: left;">
                                            <li class="nav-item" style="font-family: -apple-system, BlinkMacSystemFont, 'Segoe UI', Roboto, Helvetica, Arial, sans-serif, 'Apple Color Emoji', 'Segoe UI Emoji', 'Segoe UI Symbol'; box-sizing: border-box;">
                            <a class="nav-link " href="/actualite" style="font-family: -apple-system, BlinkMacSystemFont, 'Segoe UI', Roboto, Helvetica, Arial, sans-serif, 'Apple Color Emoji', 'Segoe UI Emoji', 'Segoe UI Symbol'; box-sizing: border-box; color: #3869d4;">Actualite</a>
                        </li>
                        <li class="nav-item" style="font-family: -apple-system, BlinkMacSystemFont, 'Segoe UI', Roboto, Helvetica, Arial, sans-serif, 'Apple Color Emoji', 'Segoe UI Emoji', 'Segoe UI Symbol'; box-sizing: border-box;">
                            <a class="nav-link " href="/mon-compte" style="font-family: -apple-system, BlinkMacSystemFont, 'Segoe UI', Roboto, Helvetica, Arial, sans-serif, 'Apple Color Emoji', 'Segoe UI Emoji', 'Segoe UI Symbol'; box-sizing: border-box; color: #3869d4;">mon-compte</a>
                        </li>
                        <li class="nav-item" style="font-family: -apple-system, BlinkMacSystemFont, 'Segoe UI', Roboto, Helvetica, Arial, sans-serif, 'Apple Color Emoji', 'Segoe UI Emoji', 'Segoe UI Symbol'; box-sizing: border-box;">
                            <a class="nav-link" href="/deconnexion" style="font-family: -apple-system, BlinkMacSystemFont, 'Segoe UI', Roboto, Helvetica, Arial, sans-serif, 'Apple Color Emoji', 'Segoe UI Emoji', 'Segoe UI Symbol'; box-sizing: border-box; color: #3869d4;">deconnexion</a>
                        </li>
                                    </ul>
            </div>
        </div>
    </nav>
</header>

        <div class="container mt-5" style="font-family: -apple-system, BlinkMacSystemFont, 'Segoe UI', Roboto, Helvetica, Arial, sans-serif, 'Apple Color Emoji', 'Segoe UI Emoji', 'Segoe UI Symbol'; box-sizing: border-box;">
                    </div>

            <h1 style="font-family: -apple-system, BlinkMacSystemFont, 'Segoe UI', Roboto, Helvetica, Arial, sans-serif, 'Apple Color Emoji', 'Segoe UI Emoji', 'Segoe UI Symbol'; box-sizing: border-box; color: #3d4852; font-size: 19px; font-weight: bold; margin-top: 0; text-align: left;">Vous avez un nouveausuiveur</h1>


        
        <script src="http://localhost:8000/js/jquery-3.4.1.min.js" style="font-family: -apple-system, BlinkMacSystemFont, 'Segoe UI', Roboto, Helvetica, Arial, sans-serif, 'Apple Color Emoji', 'Segoe UI Emoji', 'Segoe UI Symbol'; box-sizing: border-box;"></script>
        <script src="http://localhost:8000/js/popper.min.js" style="font-family: -apple-system, BlinkMacSystemFont, 'Segoe UI', Roboto, Helvetica, Arial, sans-serif, 'Apple Color Emoji', 'Segoe UI Emoji', 'Segoe UI Symbol'; box-sizing: border-box;"></script>
        <script src="http://localhost:8000/js/bootstrap.js" style="font-family: -apple-system, BlinkMacSystemFont, 'Segoe UI', Roboto, Helvetica, Arial, sans-serif, 'Apple Color Emoji', 'Segoe UI Emoji', 'Segoe UI Symbol'; box-sizing: border-box;"></script>
    </body>
</html>

Content-Type: text/plain; charset=utf-8
Content-Transfer-Encoding: quoted-printable

<!DOCTYPE html>
<html lang="fr">
    <head>
        <meta charset="utf-8">
        <meta name="viewport" content="width=device-width, initial-scale=1">

        <title>Mail</title>

        
        <link href="https://fonts.googleapis.com/css?family=Nunito:200,600" rel="stylesheet">
        <link rel="stylesheet"  href="http://localhost:8000/css/bootstrap.css">
        <link rel="stylesheet"  href="http://localhost:8000/fontawesome/css/fontawesome.css">

    </head>
    <body>
        <header>
            <div class="container">
            <div class="col-lg-4 ml-auto mt-2">
                <div class="text-right">
                    <ul class="list-inline mb-0">
                        <li class="list-inline-item mr-0" >
                            <a
                                class="nav-link "
                                href="/tresor@gmail.com"
                                style="text-transform: uppercase; text-decoration: none;">
                            tresor</a>
                        </li>
                    </ul>
                </div>
            </div>
        </div>
        <hr>
        <nav class="navbar navbar-expand-lg navbar-light">
        <div class="container">
            <a class="navbar-brand " href="/">
                <h3>FiveLab</h3>
            </a>
            <button class="navbar-toggler" type="button" data-toggle="collapse" data-target="#navbarNav" aria-controls="navbarNav"
                aria-expanded="false" aria-label="Toggle navigation">
                <span class="navbar-toggler-icon"></span>
            </button>
            <div class="collapse navbar-collapse ml-lg-5" id="navbarNav">
                <ul class="navbar-nav ml-lg-auto">
                                            <li class="nav-item">
                            <a class="nav-link " href="/actualite">Actualite</a>
                        </li>
                        <li class="nav-item">
                            <a class="nav-link " href="/mon-compte">mon-compte</a>
                        </li>
                        <li class="nav-item">
                            <a class="nav-link" href="/deconnexion">deconnexion</a>
                        </li>
                                    </ul>
            </div>
        </div>
    </nav>
</header>

        <div class="container mt-5">
                    </div>

            <h1>Vous avez un nouveausuiveur</h1>

        
        <script src="http://localhost:8000/js/jquery-3.4.1.min.js"></script>
        <script src="http://localhost:8000/js/popper.min.js"></script>
        <script src="http://localhost:8000/js/bootstrap.js"></script>
    </body>
</html>
  
