[2019-09-17 06:15:46] local.DEBUG: Message-ID: <ec7f9f065b9372f7544f32807d419b44@127.0.0.1>
Date: Tue, 17 Sep 2019 06:15:46 +0000
Subject: Nouveau Suiveur
From: Example <hello@example.com>
To: tresor@gmail.com
MIME-Version: 1.0
Content-Type: text/html; charset=utf-8
Content-Transfer-Encoding: quoted-printable

<!DOCTYPE html>
<html lang="fr">
    <head>
        <meta charset="utf-8">
        <meta name="viewport" content="width=device-width, initial-scale=1">

        <title>Mail</title>

        
        <link href="https://fonts.googleapis.com/css?family=Nunito:200,600" rel="stylesheet">
        <link rel="stylesheet"  href="http://localhost:8000/css/bootstrap.css">
        <link rel="stylesheet"  href="http://localhost:8000/fontawesome/css/fontawesome.css">

    </head>
    <body>
        <header>
            <div class="container">
            <div class="col-lg-4 ml-auto mt-2">
                <div class="text-right">
                    <ul class="list-inline mb-0">
                        <li class="list-inline-item mr-0" >
                            <a
                                class="nav-link "
                                href="/tresor@gmail.com"
                                style="text-transform: uppercase; text-decoration: none;">
                            tresor</a>
                        </li>
                    </ul>
                </div>
            </div>
        </div>
        <hr>
        <nav class="navbar navbar-expand-lg navbar-light">
        <div class="container">
            <a class="navbar-brand " href="/">
                <h3>FiveLab</h3>
            </a>
            <button class="navbar-toggler" type="button" data-toggle="collapse" data-target="#navbarNav" aria-controls="navbarNav"
                aria-expanded="false" aria-label="Toggle navigation">
                <span class="navbar-toggler-icon"></span>
            </button>
            <div class="collapse navbar-collapse ml-lg-5" id="navbarNav">
                <ul class="navbar-nav ml-lg-auto">
                                            <li class="nav-item">
                            <a class="nav-link " href="/mon-compte">mon-compte</a>
                        </li>
                        <li class="nav-item">
                            <a class="nav-link" href="/deconnexion">deconnexion</a>
                        </li>
                                    </ul>
            </div>
        </div>
    </nav>
</header>

        <div class="container mt-5">
                    </div>

            <h1>Vous avez un nouveausuiveur</h1>


        
        <script src="http://localhost:8000/js/jquery-3.4.1.min.js"></script>
        <script src="http://localhost:8000/js/popper.min.js"></script>
        <script src="http://localhost:8000/js/bootstrap.js"></script>
    </body>
</html>
  
